[0m00:47:05.242803 [debug] [MainThread]: Sending event: {'category': 'dbt', 'action': 'invocation', 'label': 'start', 'context': [<snowplow_tracker.self_describing_json.SelfDescribingJson object at 0x7b4eca0ac990>, <snowplow_tracker.self_describing_json.SelfDescribingJson object at 0x7b4eca0f5b10>, <snowplow_tracker.self_describing_json.SelfDescribingJson object at 0x7b4eca0f5990>]}


============================== 00:47:05.245887 | c8729586-05ec-4bfb-8c26-3882eac5a111 ==============================
[0m00:47:05.245887 [info ] [MainThread]: Running with dbt=1.8.4
[0m00:47:05.246561 [debug] [MainThread]: running dbt with arguments {'printer_width': '80', 'indirect_selection': 'eager', 'log_cache_events': 'False', 'write_json': 'True', 'partial_parse': 'True', 'cache_selected_only': 'False', 'profiles_dir': '/home/tranminhduc/.dbt', 'debug': 'False', 'warn_error': 'None', 'log_path': 'logs', 'fail_fast': 'False', 'version_check': 'True', 'use_colors': 'True', 'use_experimental_parser': 'False', 'no_print': 'None', 'quiet': 'False', 'empty': 'None', 'log_format': 'default', 'static_parser': 'True', 'invocation_command': 'dbt init', 'warn_error_options': 'WarnErrorOptions(include=[], exclude=[])', 'target_path': 'None', 'introspect': 'True', 'send_anonymous_usage_stats': 'True'}
[0m00:47:20.237001 [debug] [MainThread]: Starter project path: /home/tranminhduc/dec_project/GCP_project/glamira/dbt-transform/venv/lib/python3.11/site-packages/dbt/include/starter_project
[0m00:47:20.241359 [info ] [MainThread]: 
Your new dbt project "glamira_people_behavior" was created!

For more information on how to configure the profiles.yml file,
please consult the dbt documentation here:

  https://docs.getdbt.com/docs/configure-your-profile

One more thing:

Need help? Don't hesitate to reach out to us via GitHub issues or on Slack:

  https://community.getdbt.com/

Happy modeling!

[0m00:47:20.242084 [info ] [MainThread]: Setting up your profile.
[0m00:49:14.786874 [info ] [MainThread]: Profile glamira_people_behavior written to /home/tranminhduc/.dbt/profiles.yml using target's profile_template.yml and your supplied values. Run 'dbt debug' to validate the connection.
[0m00:49:14.789642 [debug] [MainThread]: Resource report: {"command_name": "init", "command_success": true, "command_wall_clock_time": 129.59613, "process_user_time": 2.7092, "process_kernel_time": 0.418036, "process_mem_max_rss": "199708", "process_out_blocks": "80", "process_in_blocks": "0"}
[0m00:49:14.791435 [debug] [MainThread]: Command `dbt init` succeeded at 00:49:14.791099 after 129.60 seconds
[0m00:49:14.792648 [debug] [MainThread]: Sending event: {'category': 'dbt', 'action': 'invocation', 'label': 'end', 'context': [<snowplow_tracker.self_describing_json.SelfDescribingJson object at 0x7b4eca0f6810>, <snowplow_tracker.self_describing_json.SelfDescribingJson object at 0x7b4eca118350>, <snowplow_tracker.self_describing_json.SelfDescribingJson object at 0x7b4ecda5d250>]}
[0m00:49:14.794025 [debug] [MainThread]: Flushing usage events
[0m00:50:13.199863 [debug] [MainThread]: Sending event: {'category': 'dbt', 'action': 'invocation', 'label': 'start', 'context': [<snowplow_tracker.self_describing_json.SelfDescribingJson object at 0x73e8e4f71fd0>, <snowplow_tracker.self_describing_json.SelfDescribingJson object at 0x73e8e5477950>, <snowplow_tracker.self_describing_json.SelfDescribingJson object at 0x73e8e4fbaa50>]}


============================== 00:50:13.202943 | 4bc517ed-6df4-4e2e-b965-50503728a5ac ==============================
[0m00:50:13.202943 [info ] [MainThread]: Running with dbt=1.8.4
[0m00:50:13.203666 [debug] [MainThread]: running dbt with arguments {'printer_width': '80', 'indirect_selection': 'eager', 'log_cache_events': 'False', 'write_json': 'True', 'partial_parse': 'True', 'cache_selected_only': 'False', 'profiles_dir': '/home/tranminhduc/.dbt', 'version_check': 'True', 'debug': 'False', 'log_path': 'logs', 'warn_error': 'None', 'fail_fast': 'False', 'use_colors': 'True', 'use_experimental_parser': 'False', 'no_print': 'None', 'quiet': 'False', 'empty': 'None', 'warn_error_options': 'WarnErrorOptions(include=[], exclude=[])', 'static_parser': 'True', 'invocation_command': 'dbt debug', 'introspect': 'True', 'target_path': 'None', 'log_format': 'default', 'send_anonymous_usage_stats': 'True'}
[0m00:50:13.214207 [info ] [MainThread]: dbt version: 1.8.4
[0m00:50:13.214832 [info ] [MainThread]: python version: 3.11.0
[0m00:50:13.215392 [info ] [MainThread]: python path: /home/tranminhduc/dec_project/GCP_project/glamira/dbt-transform/venv/bin/python3.11
[0m00:50:13.215870 [info ] [MainThread]: os info: Linux-6.5.0-44-generic-x86_64-with-glibc2.38
[0m00:50:13.221604 [info ] [MainThread]: Error importing adapter: No module named 'dbt.adapters.postgres'
[0m00:50:13.977644 [info ] [MainThread]: Using profiles dir at /home/tranminhduc/.dbt
[0m00:50:13.978223 [info ] [MainThread]: Using profiles.yml file at /home/tranminhduc/.dbt/profiles.yml
[0m00:50:13.978634 [info ] [MainThread]: Using dbt_project.yml file at /home/tranminhduc/dec_project/GCP_project/glamira/dbt-transform/dbt_project.yml
[0m00:50:13.979108 [info ] [MainThread]: Configuration:
[0m00:50:13.979484 [info ] [MainThread]:   profiles.yml file [[31mERROR invalid[0m]
[0m00:50:13.979933 [info ] [MainThread]:   dbt_project.yml file [[31mERROR not found[0m]
[0m00:50:13.980432 [info ] [MainThread]: Required dependencies:
[0m00:50:13.980928 [debug] [MainThread]: Executing "git --help"
[0m00:50:13.993866 [debug] [MainThread]: STDOUT: "b"usage: git [-v | --version] [-h | --help] [-C <path>] [-c <name>=<value>]\n           [--exec-path[=<path>]] [--html-path] [--man-path] [--info-path]\n           [-p | --paginate | -P | --no-pager] [--no-replace-objects] [--bare]\n           [--git-dir=<path>] [--work-tree=<path>] [--namespace=<name>]\n           [--config-env=<name>=<envvar>] <command> [<args>]\n\nThese are common Git commands used in various situations:\n\nstart a working area (see also: git help tutorial)\n   clone     Clone a repository into a new directory\n   init      Create an empty Git repository or reinitialize an existing one\n\nwork on the current change (see also: git help everyday)\n   add       Add file contents to the index\n   mv        Move or rename a file, a directory, or a symlink\n   restore   Restore working tree files\n   rm        Remove files from the working tree and from the index\n\nexamine the history and state (see also: git help revisions)\n   bisect    Use binary search to find the commit that introduced a bug\n   diff      Show changes between commits, commit and working tree, etc\n   grep      Print lines matching a pattern\n   log       Show commit logs\n   show      Show various types of objects\n   status    Show the working tree status\n\ngrow, mark and tweak your common history\n   branch    List, create, or delete branches\n   commit    Record changes to the repository\n   merge     Join two or more development histories together\n   rebase    Reapply commits on top of another base tip\n   reset     Reset current HEAD to the specified state\n   switch    Switch branches\n   tag       Create, list, delete or verify a tag object signed with GPG\n\ncollaborate (see also: git help workflows)\n   fetch     Download objects and refs from another repository\n   pull      Fetch from and integrate with another repository or a local branch\n   push      Update remote refs along with associated objects\n\n'git help -a' and 'git help -g' list available subcommands and some\nconcept guides. See 'git help <command>' or 'git help <concept>'\nto read about a specific subcommand or concept.\nSee 'git help git' for an overview of the system.\n""
[0m00:50:13.994591 [debug] [MainThread]: STDERR: "b''"
[0m00:50:13.995384 [info ] [MainThread]:  - git [[32mOK found[0m]

[0m00:50:13.996280 [info ] [MainThread]: Connection test skipped since no profile was found
[0m00:50:13.997412 [info ] [MainThread]: [31m2 checks failed:[0m
[0m00:50:13.998469 [info ] [MainThread]: Could not load dbt_project.yml
Profile loading failed for the following reason:
Runtime Error
  Credentials in profile "demo_dbt", target "dev" invalid: Runtime Error
    Could not find adapter type postgres!


[0m00:50:13.999530 [info ] [MainThread]: Project loading failed for the following reason:
 project path </home/tranminhduc/dec_project/GCP_project/glamira/dbt-transform/dbt_project.yml> not found

[0m00:50:14.001565 [debug] [MainThread]: Resource report: {"command_name": "debug", "command_wall_clock_time": 0.84989035, "process_user_time": 2.716818, "process_kernel_time": 0.35905, "process_mem_max_rss": "200988", "process_out_blocks": "24", "command_success": false, "process_in_blocks": "0"}
[0m00:50:14.002947 [debug] [MainThread]: Command `dbt debug` failed at 00:50:14.002660 after 0.85 seconds
[0m00:50:14.003832 [debug] [MainThread]: Sending event: {'category': 'dbt', 'action': 'invocation', 'label': 'end', 'context': [<snowplow_tracker.self_describing_json.SelfDescribingJson object at 0x73e8e895d350>, <snowplow_tracker.self_describing_json.SelfDescribingJson object at 0x73e8c276a2d0>, <snowplow_tracker.self_describing_json.SelfDescribingJson object at 0x73e8e8ab9650>]}
[0m00:50:14.004905 [debug] [MainThread]: Flushing usage events
[0m13:05:24.627702 [debug] [MainThread]: Sending event: {'category': 'dbt', 'action': 'invocation', 'label': 'start', 'context': [<snowplow_tracker.self_describing_json.SelfDescribingJson object at 0x763308b27790>, <snowplow_tracker.self_describing_json.SelfDescribingJson object at 0x763308b25590>, <snowplow_tracker.self_describing_json.SelfDescribingJson object at 0x763308adb310>]}


============================== 13:05:24.639365 | 9707aef9-28fd-4e03-b779-e85215beb0e5 ==============================
[0m13:05:24.639365 [info ] [MainThread]: Running with dbt=1.8.4
[0m13:05:24.640621 [debug] [MainThread]: running dbt with arguments {'printer_width': '80', 'indirect_selection': 'eager', 'write_json': 'True', 'log_cache_events': 'False', 'partial_parse': 'True', 'cache_selected_only': 'False', 'warn_error': 'None', 'debug': 'False', 'fail_fast': 'False', 'log_path': 'logs', 'profiles_dir': '/home/tranminhduc/.dbt', 'version_check': 'True', 'use_colors': 'True', 'use_experimental_parser': 'False', 'no_print': 'None', 'quiet': 'False', 'empty': 'False', 'warn_error_options': 'WarnErrorOptions(include=[], exclude=[])', 'invocation_command': 'dbt run --select dim_location', 'log_format': 'default', 'introspect': 'True', 'target_path': 'None', 'static_parser': 'True', 'send_anonymous_usage_stats': 'True'}
[0m13:05:24.641545 [error] [MainThread]: Encountered an error:
Runtime Error
  No dbt_project.yml found at expected path /home/tranminhduc/dec_project/GCP_project/glamira/dbt-transform/dbt_project.yml
  Verify that each entry within packages.yml (and their transitive dependencies) contains a file named dbt_project.yml
  
[0m13:05:24.642562 [debug] [MainThread]: Resource report: {"command_name": "run", "command_wall_clock_time": 0.07498842, "process_user_time": 1.319489, "process_kernel_time": 0.079727, "process_mem_max_rss": "90004", "process_in_blocks": "8", "process_out_blocks": "8", "command_success": false}
[0m13:05:24.643384 [debug] [MainThread]: Command `dbt run` failed at 13:05:24.643225 after 0.08 seconds
[0m13:05:24.643879 [debug] [MainThread]: Sending event: {'category': 'dbt', 'action': 'invocation', 'label': 'end', 'context': [<snowplow_tracker.self_describing_json.SelfDescribingJson object at 0x763308ad9990>, <snowplow_tracker.self_describing_json.SelfDescribingJson object at 0x76330c461290>, <snowplow_tracker.self_describing_json.SelfDescribingJson object at 0x763308b4ad50>]}
[0m13:05:24.644348 [debug] [MainThread]: Flushing usage events
